14:08:17: Creating resource group General
14:08:17: Creating resource group OgreInternal
14:08:17: Creating resource group OgreAutodetect
14:08:17: Registering ResourceManager for type Mesh
14:08:17: Registering ResourceManager for type Material
14:08:17: Registering ResourceManager for type Skeleton
14:08:17: XMLMeshSerializer reading mesh data from /home/lycpaul/Downloads/r2-d2-low-poly/source/Model/R2D2_mesh/Rtwo_low.mesh.xml...
14:08:17: Reading geometry...
14:08:17: Geometry done...
14:08:17: Reading submeshes...
14:08:17: Submeshes done.
14:08:17: Reading mesh names...
14:08:17: Mesh names done.
14:08:17: XMLMeshSerializer import successful.
14:08:17: MeshSerializer writing mesh data to stream /home/lycpaul/Downloads/r2-d2-low-poly/source/Model/R2D2_mesh/Rtwo_low.mesh...
14:08:17: File header written.
14:08:17: Writing mesh data...
14:08:17: Writing submesh...
14:08:17: Exporting submesh texture aliases...
14:08:17: Submesh texture aliases exported.
14:08:17: Submesh exported.
14:08:17: Exporting bounds information....
14:08:17: Bounds information exported.
14:08:17: Exporting submesh name table...
14:08:17: Submesh name table exported.
14:08:17: Mesh data exported.
14:08:17: MeshSerializer export successful.
14:08:17: Unregistering ResourceManager for type Skeleton
14:08:17: Unregistering ResourceManager for type Material
14:08:17: Unregistering ResourceManager for type Mesh
